Jan 16 2015 11:25:53 INFO  com.docuprep.attach_pdf.AddPDF_Util - Source Text File: C:\TestPictureFiles\TESTING\Test1.txt
Jan 16 2015 11:25:53 DEBUG com.docuprep.attach_pdf.AddPDF_Util - File to Attach: C:\TestPictureFiles\TESTING\Infrared Spring 2014 Program.pdf
Jan 16 2015 11:25:53 DEBUG com.docuprep.attach_pdf.AddPDF_Util - Original File: C:\TestPictureFiles\TESTING\12 days.pdf
Jan 16 2015 11:25:53 DEBUG com.docuprep.attach_pdf.AddPDF_Util - begin
Jan 16 2015 11:25:53 DEBUG com.docuprep.attach_pdf.AddPDF_Util - Parsed File Name: 12 days.pdf
Jan 16 2015 11:25:53 INFO  com.docuprep.attach_pdf.AddPDF_Util - Master File: C:\TestPictureFiles\TESTING\Infrared Spring 2014 Program.pdf
Jan 16 2015 11:25:53 INFO  com.docuprep.attach_pdf.AddPDF_Util - Append File: C:\TestPictureFiles\TESTING\12 days.pdf
Jan 16 2015 11:25:53 INFO  com.docuprep.attach_pdf.AddPDF_Util - Master PDF has 2 pages
Jan 16 2015 11:25:54 INFO  com.docuprep.attach_pdf.AddPDF_Util - Append PDF has 10 pages
Jan 16 2015 11:25:54 INFO  com.docuprep.attach_pdf.AddPDF_Util - Combined PDF has 12 pages
Jan 16 2015 11:25:55 DEBUG com.docuprep.attach_pdf.AddPDF_Util - Merge Finished
Jan 16 2015 11:25:55 INFO  com.docuprep.attach_pdf.AddPDF_Util - Source Text File: C:\TestPictureFiles\TESTING\Test2.txt
Jan 16 2015 11:25:55 DEBUG com.docuprep.attach_pdf.AddPDF_Util - File to Attach: C:\TestPictureFiles\TESTING\Syllabus.pdf
Jan 16 2015 11:25:55 DEBUG com.docuprep.attach_pdf.AddPDF_Util - Original File: C:\TestPictureFiles\TESTING2\chestnuts44 - nov 14.pdf
Jan 16 2015 11:25:55 DEBUG com.docuprep.attach_pdf.AddPDF_Util - begin
Jan 16 2015 11:25:55 DEBUG com.docuprep.attach_pdf.AddPDF_Util - Parsed File Name: chestnuts44 - nov 14.pdf
Jan 16 2015 11:25:55 INFO  com.docuprep.attach_pdf.AddPDF_Util - Master File: C:\TestPictureFiles\TESTING\Syllabus.pdf
Jan 16 2015 11:25:55 INFO  com.docuprep.attach_pdf.AddPDF_Util - Append File: C:\TestPictureFiles\TESTING2\chestnuts44 - nov 14.pdf
Jan 16 2015 11:25:56 INFO  com.docuprep.attach_pdf.AddPDF_Util - Master PDF has 4 pages
Jan 16 2015 11:25:56 INFO  com.docuprep.attach_pdf.AddPDF_Util - Append PDF has 3 pages
Jan 16 2015 11:25:56 INFO  com.docuprep.attach_pdf.AddPDF_Util - Combined PDF has 7 pages
Jan 16 2015 11:25:56 DEBUG com.docuprep.attach_pdf.AddPDF_Util - Merge Finished
Jan 16 2015 11:25:56 INFO  com.docuprep.attach_pdf.AddPDF_Util - Source Text File: C:\TestPictureFiles\TESTING\Test3.txt
Jan 16 2015 11:25:56 DEBUG com.docuprep.attach_pdf.AddPDF_Util - File to Attach: C:\TestPictureFiles\TESTING\Auditionsformx2.infrared.pdf
Jan 16 2015 11:25:56 DEBUG com.docuprep.attach_pdf.AddPDF_Util - Original File: C:\TestPictureFiles\TESTING\Assignment 1.pdf
Jan 16 2015 11:25:56 DEBUG com.docuprep.attach_pdf.AddPDF_Util - end
Jan 16 2015 11:25:56 DEBUG com.docuprep.attach_pdf.AddPDF_Util - Parsed File Name: Assignment 1.pdf
Jan 16 2015 11:25:56 INFO  com.docuprep.attach_pdf.AddPDF_Util - Master File: C:\TestPictureFiles\TESTING\Assignment 1.pdf
Jan 16 2015 11:25:56 INFO  com.docuprep.attach_pdf.AddPDF_Util - Append File: C:\TestPictureFiles\TESTING\Auditionsformx2.infrared.pdf
Jan 16 2015 11:26:04 INFO  com.docuprep.attach_pdf.AddPDF_Util - Master PDF has 7 pages
Jan 16 2015 11:26:04 INFO  com.docuprep.attach_pdf.AddPDF_Util - Append PDF has 1 pages
Jan 16 2015 11:26:04 INFO  com.docuprep.attach_pdf.AddPDF_Util - Combined PDF has 8 pages
Jan 16 2015 11:26:07 DEBUG com.docuprep.attach_pdf.AddPDF_Util - Merge Finished
Jan 16 2015 11:26:35 DEBUG com.docuprep.attach_pdf.AddPDF_Util - Reported Status to Database

Feb 09 2015 11:43:59 INFO  com.docuprep.attach_pdf.AddPDF_Util - Source Text File: C:\TestPictureFiles\TESTING2\Test2.txt
Feb 09 2015 11:43:59 INFO  com.docuprep.attach_pdf.AddPDF_Util - Master File: C:\TestPictureFiles\TESTING\Syllabus.pdf
Feb 09 2015 11:43:59 INFO  com.docuprep.attach_pdf.AddPDF_Util - Append File: C:\TestPictureFiles\TESTING2\chestnuts44 - nov 14.pdf
Feb 09 2015 11:43:59 INFO  com.docuprep.attach_pdf.AddPDF_Util - Master PDF has 4 pages
Feb 09 2015 11:44:00 INFO  com.docuprep.attach_pdf.AddPDF_Util - Append PDF has 3 pages
Feb 09 2015 11:44:00 INFO  com.docuprep.attach_pdf.AddPDF_Util - Combined PDF has 7 pages
Feb 09 2015 11:44:00 INFO  com.docuprep.attach_pdf.AddPDF_Util - Merge Successful
Feb 09 2015 11:44:00 INFO  com.docuprep.attach_pdf.AddPDF_Util - Source Text File: C:\TestPictureFiles\TESTING4\Test1.txt
Feb 09 2015 11:44:00 INFO  com.docuprep.attach_pdf.AddPDF_Util - Master File: C:\TestPictureFiles\TESTING\Infrared Spring 2014 Program.pdf
Feb 09 2015 11:44:00 INFO  com.docuprep.attach_pdf.AddPDF_Util - Append File: C:\TestPictureFiles\TESTING\12 days.pdf
Feb 09 2015 11:44:00 INFO  com.docuprep.attach_pdf.AddPDF_Util - Master PDF has 2 pages
Feb 09 2015 11:44:01 INFO  com.docuprep.attach_pdf.AddPDF_Util - Append PDF has 10 pages
Feb 09 2015 11:44:01 INFO  com.docuprep.attach_pdf.AddPDF_Util - Combined PDF has 12 pages
Feb 09 2015 11:44:05 INFO  com.docuprep.attach_pdf.AddPDF_Util - Merge Successful
Feb 09 2015 11:44:05 INFO  com.docuprep.attach_pdf.AddPDF_Util - Source Text File: C:\TestPictureFiles\TESTING4\Test3.txt
Feb 09 2015 11:44:05 INFO  com.docuprep.attach_pdf.AddPDF_Util - Master File: C:\TestPictureFiles\TESTING\Assignment 1.pdf
Feb 09 2015 11:44:05 INFO  com.docuprep.attach_pdf.AddPDF_Util - Append File: C:\TestPictureFiles\TESTING\Auditionsformx2.infrared.pdf
Feb 09 2015 11:44:21 INFO  com.docuprep.attach_pdf.AddPDF_Util - Master PDF has 7 pages
Feb 09 2015 11:44:21 INFO  com.docuprep.attach_pdf.AddPDF_Util - Append PDF has 1 pages
Feb 09 2015 11:44:21 INFO  com.docuprep.attach_pdf.AddPDF_Util - Combined PDF has 8 pages
Feb 09 2015 11:44:28 INFO  com.docuprep.attach_pdf.AddPDF_Util - Merge Successful

Feb 16 2015 11:15:56 INFO  com.docuprep.attach_pdf.AddPDF_Util - Source Text File: C:\TestPictureFiles\TESTING\Test1.txt
Feb 16 2015 11:15:56 INFO  com.docuprep.attach_pdf.AddPDF_Util - Master File: C:\TestPictureFiles\TESTING\Infrared Spring 2014 Program.pdf
Feb 16 2015 11:15:56 INFO  com.docuprep.attach_pdf.AddPDF_Util - Append File: C:\TestPictureFiles\TESTING\12 days.pdf
Feb 16 2015 11:15:58 INFO  com.docuprep.attach_pdf.AddPDF_Util - Master PDF has 2 pages
Feb 16 2015 11:16:02 INFO  com.docuprep.attach_pdf.AddPDF_Util - Append PDF has 10 pages
Feb 16 2015 11:16:02 INFO  com.docuprep.attach_pdf.AddPDF_Util - Combined PDF has 12 pages
Feb 16 2015 11:16:09 INFO  com.docuprep.attach_pdf.AddPDF_Util - Merge Successful
Feb 16 2015 11:16:09 INFO  com.docuprep.attach_pdf.AddPDF_Util - Source Text File: C:\TestPictureFiles\TESTING\Test2.txt
Feb 16 2015 11:16:09 INFO  com.docuprep.attach_pdf.AddPDF_Util - Master File: C:\TestPictureFiles\TESTING\Syllabus.pdf
Feb 16 2015 11:16:09 INFO  com.docuprep.attach_pdf.AddPDF_Util - Append File: C:\TestPictureFiles\TESTING2\chestnuts44 - nov 14.pdf
Feb 16 2015 11:16:09 INFO  com.docuprep.attach_pdf.AddPDF_Util - Master PDF has 4 pages
Feb 16 2015 11:16:09 INFO  com.docuprep.attach_pdf.AddPDF_Util - Append PDF has 3 pages
Feb 16 2015 11:16:09 INFO  com.docuprep.attach_pdf.AddPDF_Util - Combined PDF has 7 pages
Feb 16 2015 11:16:10 INFO  com.docuprep.attach_pdf.AddPDF_Util - Merge Successful
Feb 16 2015 11:16:10 INFO  com.docuprep.attach_pdf.AddPDF_Util - Source Text File: C:\TestPictureFiles\TESTING\Test3.txt
Feb 16 2015 11:16:10 INFO  com.docuprep.attach_pdf.AddPDF_Util - Master File: C:\TestPictureFiles\TESTING\Assignment 1.pdf
Feb 16 2015 11:16:10 INFO  com.docuprep.attach_pdf.AddPDF_Util - Append File: C:\TestPictureFiles\TESTING\Auditionsformx2.infrared.pdf
Feb 16 2015 11:16:15 INFO  com.docuprep.attach_pdf.AddPDF_Util - Master PDF has 7 pages
Feb 16 2015 11:16:15 INFO  com.docuprep.attach_pdf.AddPDF_Util - Append PDF has 1 pages
Feb 16 2015 11:16:15 INFO  com.docuprep.attach_pdf.AddPDF_Util - Combined PDF has 8 pages
Feb 16 2015 11:16:20 INFO  com.docuprep.attach_pdf.AddPDF_Util - Merge Successful

